
--------------------------------------------------
TXLib предупреждает:

Программа: C:\Users\иван\Google Диск\C\diff\diff_2.exe,

ВНЕЗАПНО: Нарушение доступа к памяти.

#1: Исключение EXCEPTION_ACCESS_VIOLATION (0xC0000005) при выполнении кода по адресу 0x00427B63 в функции take_copy() в файле C:/Users/иван/Google Диск/C/diff/diff_2.cpp на строке 468. Попытка записать данные по адресу 0x00000018. Спасибо _txVectoredExceptionHandler(), что сообщил. Люблю его <3

#1: TXLib [Ver: 00173a, Rev: 105, Date: 2018-06-12 00:00:00 +0300], Instance: 0x005002C0 (32-bit), Flags: Cmdre0, Thread: 0x3E70 (Main). 

--------------------------------------------------
Стек вызовов:

# 0 0x00427B63 in C:\Users\иван\Google Диск\C\diff\diff_2.exe: take_copy() at C:/Users/иван/Google Диск/C/diff/diff_2.cpp (468):

    466:     node_copy->right = cR;
    467: 
=>  468:     node_copy->left->parent  = node_copy;
    469:     node_copy->right->parent = node_copy;
    470: 

# 1 0x00427FBF in C:\Users\иван\Google Диск\C\diff\diff_2.exe: take_diff() at C:/Users/иван/Google Диск/C/diff/diff_2.cpp (549):

    547: 
    548:                 case OP_div:
=>  549:                     node_f = ONC( ONC(dL, cR, '*'), ONC(cL, dR, '*'), '-' );
    550: 
    551:                     node_h = (Node*)calloc(1, sizeof(Node));

# 2 0x00427EC2 in C:\Users\иван\Google Диск\C\diff\diff_2.exe: take_diff() at C:/Users/иван/Google Диск/C/diff/diff_2.cpp (540):

    538:             {
    539:                 case OP_plus:
=>  540:                     return ONC(dL, dR, '+');
    541: 
    542:                 case OP_minus:

# 3 0x004283DE in C:\Users\иван\Google Диск\C\diff\diff_2.exe: main() at C:/Users/иван/Google Диск/C/diff/diff_2.cpp (615):

    613:     Node* root = GetG(str);
    614: 
=>  615:     Node* diff_root = take_diff(root);
    616: 
    617:     FILE* out_file = fopen(out_name, "w");

--------------------------------------------------
Developed with:

The Dumb Artist Library (TX Library)
TXLib [Ver: 00173a, Rev: 105, Date: 2018-06-12 00:00:00 +0300]
Copyright (C) Ded (Ilya Dedinsky, http://txlib.ru) <mail@txlib.ru>
See license on: http://txlib.ru

TXLib file:	C:\ФАЙЛЫ\загрузки\TX\TXLib.h
Compiled:	Dec 11 2018 23:27:48, GNU g++ 4.8.1, std=201103L, MinGW Runtime 3.20, 32-bit, DEBUG
Started:	Dec 11 2018 23:27:55

Run file:	C:\Users\иван\Google Диск\C\diff\diff_2.exe
Directory:	C:\Users\иван\Google Диск\C\diff

--------------------------------------------------

--------------------------------------------------
TXLib соболезнует...

Программа: C:\Users\иван\Google Диск\C\diff\diff_2.exe,

ВНЕЗАПНО: signal (11, 0x00): SIGSEGV: Доступ по неверному указателю. Ставьте ассерты! 

Нарушение доступа к памяти.

#1: Исключение EXCEPTION_ACCESS_VIOLATION (0xC0000005) при выполнении кода по адресу 0x00427B63 в функции take_copy() в файле C:/Users/иван/Google Диск/C/diff/diff_2.cpp на строке 468. Попытка записать данные по адресу 0x00000018. Спасибо _txVectoredExceptionHandler(), что сообщил. Люблю его <3

С помощью функции signal() вы можете сами обработать эту ошибку.

#2: TXLib [Ver: 00173a, Rev: 105, Date: 2018-06-12 00:00:00 +0300], Instance: 0x005002C0 (32-bit), Flags: Cmdre0, Thread: 0x3E70 (Main). 

--------------------------------------------------
Стек вызовов:

# 0 0x00427B63 in C:\Users\иван\Google Диск\C\diff\diff_2.exe: take_copy() at C:/Users/иван/Google Диск/C/diff/diff_2.cpp (468):

    466:     node_copy->right = cR;
    467: 
=>  468:     node_copy->left->parent  = node_copy;
    469:     node_copy->right->parent = node_copy;
    470: 

# 1 0x00427FBF in C:\Users\иван\Google Диск\C\diff\diff_2.exe: take_diff() at C:/Users/иван/Google Диск/C/diff/diff_2.cpp (549):

    547: 
    548:                 case OP_div:
=>  549:                     node_f = ONC( ONC(dL, cR, '*'), ONC(cL, dR, '*'), '-' );
    550: 
    551:                     node_h = (Node*)calloc(1, sizeof(Node));

# 2 0x00427EC2 in C:\Users\иван\Google Диск\C\diff\diff_2.exe: take_diff() at C:/Users/иван/Google Диск/C/diff/diff_2.cpp (540):

    538:             {
    539:                 case OP_plus:
=>  540:                     return ONC(dL, dR, '+');
    541: 
    542:                 case OP_minus:

# 3 0x004283DE in C:\Users\иван\Google Диск\C\diff\diff_2.exe: main() at C:/Users/иван/Google Диск/C/diff/diff_2.cpp (615):

    613:     Node* root = GetG(str);
    614: 
=>  615:     Node* diff_root = take_diff(root);
    616: 
    617:     FILE* out_file = fopen(out_name, "w");

--------------------------------------------------
Developed with:

The Dumb Artist Library (TX Library)
TXLib [Ver: 00173a, Rev: 105, Date: 2018-06-12 00:00:00 +0300]
Copyright (C) Ded (Ilya Dedinsky, http://txlib.ru) <mail@txlib.ru>
See license on: http://txlib.ru

TXLib file:	C:\ФАЙЛЫ\загрузки\TX\TXLib.h
Compiled:	Dec 11 2018 23:27:48, GNU g++ 4.8.1, std=201103L, MinGW Runtime 3.20, 32-bit, DEBUG
Started:	Dec 11 2018 23:27:56

Run file:	C:\Users\иван\Google Диск\C\diff\diff_2.exe
Directory:	C:\Users\иван\Google Диск\C\diff

--------------------------------------------------

--------------------------------------------------
TXLib соболезнует...

Программа: C:\Users\иван\Google Диск\C\diff\diff_2.exe, файл: C:\Users\иван\Google Диск\C\diff\diff_2.cpp, строка: 433, функция: int print_node(FILE*, const Node*),

Сообщение: ВНЕЗАПНО: Логическая ошибка: Неверно, что "0".

#1: TXLib [Ver: 00173a, Rev: 105, Date: 2018-06-12 00:00:00 +0300], Instance: 0x005002C0 (32-bit), Flags: Cmdre0, Thread: 0x4940 (Main), GetLastError(): 183 (Невозможно создать файл, так как он уже существует). 

--------------------------------------------------
Стек вызовов:

# 0 0x0042799A in C:\Users\иван\Google Диск\C\diff\diff_2.exe: print_node() at C:/Users/иван/Google Диск/C/diff/diff_2.cpp (433):

    431:             break;
    432: 
=>  433:         default: Assert(0);
    434: 
    435:     }

# 1 0x00427ABD in C:\Users\иван\Google Диск\C\diff\diff_2.exe: print_tree() at C:/Users/иван/Google Диск/C/diff/diff_2.cpp (450):

    448:     fprintf(out_file, "(");
    449:     print_tree(out_file, node->left);
=>  450:     print_node(out_file, node);
    451:     print_tree(out_file, node->right);
    452:     fprintf(out_file, ")");

# 2 0x00427AAB in C:\Users\иван\Google Диск\C\diff\diff_2.exe: print_tree() at C:/Users/иван/Google Диск/C/diff/diff_2.cpp (449):

    447: 
    448:     fprintf(out_file, "(");
=>  449:     print_tree(out_file, node->left);
    450:     print_node(out_file, node);
    451:     print_tree(out_file, node->right);

# 3 0x00427AAB in C:\Users\иван\Google Диск\C\diff\diff_2.exe: print_tree() at C:/Users/иван/Google Диск/C/diff/diff_2.cpp (449):

    447: 
    448:     fprintf(out_file, "(");
=>  449:     print_tree(out_file, node->left);
    450:     print_node(out_file, node);
    451:     print_tree(out_file, node->right);

# 4 0x00427AAB in C:\Users\иван\Google Диск\C\diff\diff_2.exe: print_tree() at C:/Users/иван/Google Диск/C/diff/diff_2.cpp (449):

    447: 
    448:     fprintf(out_file, "(");
=>  449:     print_tree(out_file, node->left);
    450:     print_node(out_file, node);
    451:     print_tree(out_file, node->right);

# 5 0x00428AFB in C:\Users\иван\Google Диск\C\diff\diff_2.exe: main() at C:/Users/иван/Google Диск/C/diff/diff_2.cpp (741):

    739:     print_tree(stdout, diff_root);
    740:     printf("\n\n");
=>  741:     print_tree(stdout, simp_root);
    742: 
    743: 

--------------------------------------------------
Developed with:

The Dumb Artist Library (TX Library)
TXLib [Ver: 00173a, Rev: 105, Date: 2018-06-12 00:00:00 +0300]
Copyright (C) Ded (Ilya Dedinsky, http://txlib.ru) <mail@txlib.ru>
See license on: http://txlib.ru

TXLib file:	C:\ФАЙЛЫ\загрузки\TX\TXLib.h
Compiled:	Dec 12 2018 00:19:34, GNU g++ 4.8.1, std=201103L, MinGW Runtime 3.20, 32-bit, DEBUG
Started:	Dec 12 2018 00:19:41

Run file:	C:\Users\иван\Google Диск\C\diff\diff_2.exe
Directory:	C:\Users\иван\Google Диск\C\diff

--------------------------------------------------

--------------------------------------------------
TXLib соболезнует...

Программа: C:\Users\иван\Google Диск\C\diff\diff_2.exe, файл: C:\Users\иван\Google Диск\C\diff\diff_2.cpp, строка: 433, функция: int print_node(FILE*, const Node*),

Сообщение: ВНЕЗАПНО: Логическая ошибка: Неверно, что "0".

#1: TXLib [Ver: 00173a, Rev: 105, Date: 2018-06-12 00:00:00 +0300], Instance: 0x005002C0 (32-bit), Flags: Cmdre0, Thread: 0x49D8 (Main), GetLastError(): 183 (Невозможно создать файл, так как он уже существует). 

--------------------------------------------------
Стек вызовов:

# 0 0x0042799A in C:\Users\иван\Google Диск\C\diff\diff_2.exe: print_node() at C:/Users/иван/Google Диск/C/diff/diff_2.cpp (433):

    431:             break;
    432: 
=>  433:         default: Assert(0);
    434: 
    435:     }

# 1 0x00427ABD in C:\Users\иван\Google Диск\C\diff\diff_2.exe: print_tree() at C:/Users/иван/Google Диск/C/diff/diff_2.cpp (450):

    448:     fprintf(out_file, "(");
    449:     print_tree(out_file, node->left);
=>  450:     print_node(out_file, node);
    451:     print_tree(out_file, node->right);
    452:     fprintf(out_file, ")");

# 2 0x00427AAB in C:\Users\иван\Google Диск\C\diff\diff_2.exe: print_tree() at C:/Users/иван/Google Диск/C/diff/diff_2.cpp (449):

    447: 
    448:     fprintf(out_file, "(");
=>  449:     print_tree(out_file, node->left);
    450:     print_node(out_file, node);
    451:     print_tree(out_file, node->right);

# 3 0x00427AAB in C:\Users\иван\Google Диск\C\diff\diff_2.exe: print_tree() at C:/Users/иван/Google Диск/C/diff/diff_2.cpp (449):

    447: 
    448:     fprintf(out_file, "(");
=>  449:     print_tree(out_file, node->left);
    450:     print_node(out_file, node);
    451:     print_tree(out_file, node->right);

# 4 0x00427AAB in C:\Users\иван\Google Диск\C\diff\diff_2.exe: print_tree() at C:/Users/иван/Google Диск/C/diff/diff_2.cpp (449):

    447: 
    448:     fprintf(out_file, "(");
=>  449:     print_tree(out_file, node->left);
    450:     print_node(out_file, node);
    451:     print_tree(out_file, node->right);

# 5 0x00428AFB in C:\Users\иван\Google Диск\C\diff\diff_2.exe: main() at C:/Users/иван/Google Диск/C/diff/diff_2.cpp (741):

    739:     print_tree(stdout, diff_root);
    740:     printf("\n\n");
=>  741:     print_tree(stdout, simp_root);
    742: 
    743: 

--------------------------------------------------
Developed with:

The Dumb Artist Library (TX Library)
TXLib [Ver: 00173a, Rev: 105, Date: 2018-06-12 00:00:00 +0300]
Copyright (C) Ded (Ilya Dedinsky, http://txlib.ru) <mail@txlib.ru>
See license on: http://txlib.ru

TXLib file:	C:\ФАЙЛЫ\загрузки\TX\TXLib.h
Compiled:	Dec 12 2018 00:20:45, GNU g++ 4.8.1, std=201103L, MinGW Runtime 3.20, 32-bit, DEBUG
Started:	Dec 12 2018 00:20:53

Run file:	C:\Users\иван\Google Диск\C\diff\diff_2.exe
Directory:	C:\Users\иван\Google Диск\C\diff

--------------------------------------------------

--------------------------------------------------
TXLib соболезнует...

Программа: C:\Users\иван\Google Диск\C\diff\diff_2.exe, файл: C:\Users\иван\Google Диск\C\diff\diff_2.cpp, строка: 433, функция: int print_node(FILE*, const Node*),

Сообщение: ВНЕЗАПНО: Логическая ошибка: Неверно, что "0".

#1: TXLib [Ver: 00173a, Rev: 105, Date: 2018-06-12 00:00:00 +0300], Instance: 0x005002C0 (32-bit), Flags: Cmdre0, Thread: 0x4C48 (Main), GetLastError(): 183 (Невозможно создать файл, так как он уже существует). 

--------------------------------------------------
Стек вызовов:

# 0 0x004279E0 in C:\Users\иван\Google Диск\C\diff\diff_2.exe: print_node() at C:/Users/иван/Google Диск/C/diff/diff_2.cpp (433):

    431:             break;
    432: 
=>  433:         default: $(node->type); Assert(0);
    434: 
    435:     }

# 1 0x00427B03 in C:\Users\иван\Google Диск\C\diff\diff_2.exe: print_tree() at C:/Users/иван/Google Диск/C/diff/diff_2.cpp (450):

    448:     fprintf(out_file, "(");
    449:     print_tree(out_file, node->left);
=>  450:     print_node(out_file, node);
    451:     print_tree(out_file, node->right);
    452:     fprintf(out_file, ")");

# 2 0x00427AF1 in C:\Users\иван\Google Диск\C\diff\diff_2.exe: print_tree() at C:/Users/иван/Google Диск/C/diff/diff_2.cpp (449):

    447: 
    448:     fprintf(out_file, "(");
=>  449:     print_tree(out_file, node->left);
    450:     print_node(out_file, node);
    451:     print_tree(out_file, node->right);

# 3 0x00427AF1 in C:\Users\иван\Google Диск\C\diff\diff_2.exe: print_tree() at C:/Users/иван/Google Диск/C/diff/diff_2.cpp (449):

    447: 
    448:     fprintf(out_file, "(");
=>  449:     print_tree(out_file, node->left);
    450:     print_node(out_file, node);
    451:     print_tree(out_file, node->right);

# 4 0x00427AF1 in C:\Users\иван\Google Диск\C\diff\diff_2.exe: print_tree() at C:/Users/иван/Google Диск/C/diff/diff_2.cpp (449):

    447: 
    448:     fprintf(out_file, "(");
=>  449:     print_tree(out_file, node->left);
    450:     print_node(out_file, node);
    451:     print_tree(out_file, node->right);

# 5 0x00428B41 in C:\Users\иван\Google Диск\C\diff\diff_2.exe: main() at C:/Users/иван/Google Диск/C/diff/diff_2.cpp (738):

    736:     print_tree(stdout, diff_root);
    737:     printf("\n\n");
=>  738:     print_tree(stdout, simp_root);
    739: 
    740: 

--------------------------------------------------
Developed with:

The Dumb Artist Library (TX Library)
TXLib [Ver: 00173a, Rev: 105, Date: 2018-06-12 00:00:00 +0300]
Copyright (C) Ded (Ilya Dedinsky, http://txlib.ru) <mail@txlib.ru>
See license on: http://txlib.ru

TXLib file:	C:\ФАЙЛЫ\загрузки\TX\TXLib.h
Compiled:	Dec 12 2018 00:23:48, GNU g++ 4.8.1, std=201103L, MinGW Runtime 3.20, 32-bit, DEBUG
Started:	Dec 12 2018 00:23:55

Run file:	C:\Users\иван\Google Диск\C\diff\diff_2.exe
Directory:	C:\Users\иван\Google Диск\C\diff

--------------------------------------------------

--------------------------------------------------
TXLib соболезнует...

Программа: C:\Users\иван\Google Диск\C\diff\diff_2.exe, файл: C:\Users\иван\Google Диск\C\diff\diff_2.cpp, строка: 433, функция: int print_node(FILE*, const Node*),

Сообщение: ВНЕЗАПНО: Логическая ошибка: Неверно, что "0".

#1: TXLib [Ver: 00173a, Rev: 105, Date: 2018-06-12 00:00:00 +0300], Instance: 0x005002C0 (32-bit), Flags: Cmdre0, Thread: 0x4C64 (Main), GetLastError(): 183 (Невозможно создать файл, так как он уже существует). 

--------------------------------------------------
Стек вызовов:

# 0 0x004279E7 in C:\Users\иван\Google Диск\C\diff\diff_2.exe: print_node() at C:/Users/иван/Google Диск/C/diff/diff_2.cpp (433):

    431:             break;
    432: 
=>  433:         default: $(node->info); Assert(0);
    434: 
    435:     }

# 1 0x00427B0A in C:\Users\иван\Google Диск\C\diff\diff_2.exe: print_tree() at C:/Users/иван/Google Диск/C/diff/diff_2.cpp (450):

    448:     fprintf(out_file, "(");
    449:     print_tree(out_file, node->left);
=>  450:     print_node(out_file, node);
    451:     print_tree(out_file, node->right);
    452:     fprintf(out_file, ")");

# 2 0x00427AF8 in C:\Users\иван\Google Диск\C\diff\diff_2.exe: print_tree() at C:/Users/иван/Google Диск/C/diff/diff_2.cpp (449):

    447: 
    448:     fprintf(out_file, "(");
=>  449:     print_tree(out_file, node->left);
    450:     print_node(out_file, node);
    451:     print_tree(out_file, node->right);

# 3 0x00427AF8 in C:\Users\иван\Google Диск\C\diff\diff_2.exe: print_tree() at C:/Users/иван/Google Диск/C/diff/diff_2.cpp (449):

    447: 
    448:     fprintf(out_file, "(");
=>  449:     print_tree(out_file, node->left);
    450:     print_node(out_file, node);
    451:     print_tree(out_file, node->right);

# 4 0x00427AF8 in C:\Users\иван\Google Диск\C\diff\diff_2.exe: print_tree() at C:/Users/иван/Google Диск/C/diff/diff_2.cpp (449):

    447: 
    448:     fprintf(out_file, "(");
=>  449:     print_tree(out_file, node->left);
    450:     print_node(out_file, node);
    451:     print_tree(out_file, node->right);

# 5 0x00428B48 in C:\Users\иван\Google Диск\C\diff\diff_2.exe: main() at C:/Users/иван/Google Диск/C/diff/diff_2.cpp (738):

    736:     print_tree(stdout, diff_root);
    737:     printf("\n\n");
=>  738:     print_tree(stdout, simp_root);
    739: 
    740: 

--------------------------------------------------
Developed with:

The Dumb Artist Library (TX Library)
TXLib [Ver: 00173a, Rev: 105, Date: 2018-06-12 00:00:00 +0300]
Copyright (C) Ded (Ilya Dedinsky, http://txlib.ru) <mail@txlib.ru>
See license on: http://txlib.ru

TXLib file:	C:\ФАЙЛЫ\загрузки\TX\TXLib.h
Compiled:	Dec 12 2018 00:24:26, GNU g++ 4.8.1, std=201103L, MinGW Runtime 3.20, 32-bit, DEBUG
Started:	Dec 12 2018 00:24:34

Run file:	C:\Users\иван\Google Диск\C\diff\diff_2.exe
Directory:	C:\Users\иван\Google Диск\C\diff

--------------------------------------------------

--------------------------------------------------
TXLib соболезнует...

Программа: C:\Users\иван\Google Диск\C\diff\diff_2.exe, файл: C:\Users\иван\Google Диск\C\diff\diff_2.cpp, строка: 433, функция: int print_node(FILE*, const Node*),

Сообщение: ВНЕЗАПНО: Логическая ошибка: Неверно, что "0".

#1: TXLib [Ver: 00173a, Rev: 105, Date: 2018-06-12 00:00:00 +0300], Instance: 0x005002C0 (32-bit), Flags: Cmdre0, Thread: 0x3930 (Main), GetLastError(): 183 (Невозможно создать файл, так как он уже существует). 

--------------------------------------------------
Стек вызовов:

# 0 0x004279E7 in C:\Users\иван\Google Диск\C\diff\diff_2.exe: print_node() at C:/Users/иван/Google Диск/C/diff/diff_2.cpp (433):

    431:             break;
    432: 
=>  433:         default: $(node->info); Assert(0);
    434: 
    435:     }

# 1 0x00427B0A in C:\Users\иван\Google Диск\C\diff\diff_2.exe: print_tree() at C:/Users/иван/Google Диск/C/diff/diff_2.cpp (450):

    448:     fprintf(out_file, "(");
    449:     print_tree(out_file, node->left);
=>  450:     print_node(out_file, node);
    451:     print_tree(out_file, node->right);
    452:     fprintf(out_file, ")");

# 2 0x00427AF8 in C:\Users\иван\Google Диск\C\diff\diff_2.exe: print_tree() at C:/Users/иван/Google Диск/C/diff/diff_2.cpp (449):

    447: 
    448:     fprintf(out_file, "(");
=>  449:     print_tree(out_file, node->left);
    450:     print_node(out_file, node);
    451:     print_tree(out_file, node->right);

# 3 0x00427AF8 in C:\Users\иван\Google Диск\C\diff\diff_2.exe: print_tree() at C:/Users/иван/Google Диск/C/diff/diff_2.cpp (449):

    447: 
    448:     fprintf(out_file, "(");
=>  449:     print_tree(out_file, node->left);
    450:     print_node(out_file, node);
    451:     print_tree(out_file, node->right);

# 4 0x00427AF8 in C:\Users\иван\Google Диск\C\diff\diff_2.exe: print_tree() at C:/Users/иван/Google Диск/C/diff/diff_2.cpp (449):

    447: 
    448:     fprintf(out_file, "(");
=>  449:     print_tree(out_file, node->left);
    450:     print_node(out_file, node);
    451:     print_tree(out_file, node->right);

# 5 0x00428B48 in C:\Users\иван\Google Диск\C\diff\diff_2.exe: main() at C:/Users/иван/Google Диск/C/diff/diff_2.cpp (738):

    736:     print_tree(stdout, diff_root);
    737:     printf("\n\n");
=>  738:     print_tree(stdout, simp_root);
    739: 
    740: 

--------------------------------------------------
Developed with:

The Dumb Artist Library (TX Library)
TXLib [Ver: 00173a, Rev: 105, Date: 2018-06-12 00:00:00 +0300]
Copyright (C) Ded (Ilya Dedinsky, http://txlib.ru) <mail@txlib.ru>
See license on: http://txlib.ru

TXLib file:	C:\ФАЙЛЫ\загрузки\TX\TXLib.h
Compiled:	Dec 12 2018 00:26:47, GNU g++ 4.8.1, std=201103L, MinGW Runtime 3.20, 32-bit, DEBUG
Started:	Dec 12 2018 00:26:54

Run file:	C:\Users\иван\Google Диск\C\diff\diff_2.exe
Directory:	C:\Users\иван\Google Диск\C\diff

--------------------------------------------------

--------------------------------------------------
TXLib соболезнует...

Программа: C:\Users\иван\Google Диск\C\diff\diff_2.exe, файл: C:\Users\иван\Google Диск\C\diff\diff_2.cpp, строка: 433, функция: int print_node(FILE*, const Node*),

Сообщение: ВНЕЗАПНО: Логическая ошибка: Неверно, что "0".

#1: TXLib [Ver: 00173a, Rev: 105, Date: 2018-06-12 00:00:00 +0300], Instance: 0x005002C0 (32-bit), Flags: Cmdre0, Thread: 0x3DE8 (Main), GetLastError(): 183 (Невозможно создать файл, так как он уже существует). 

--------------------------------------------------
Стек вызовов:

# 0 0x004279E7 in C:\Users\иван\Google Диск\C\diff\diff_2.exe: print_node() at C:/Users/иван/Google Диск/C/diff/diff_2.cpp (433):

    431:             break;
    432: 
=>  433:         default: $(node->info); Assert(0);
    434: 
    435:     }

# 1 0x00427B0A in C:\Users\иван\Google Диск\C\diff\diff_2.exe: print_tree() at C:/Users/иван/Google Диск/C/diff/diff_2.cpp (450):

    448:     fprintf(out_file, "(");
    449:     print_tree(out_file, node->left);
=>  450:     print_node(out_file, node);
    451:     print_tree(out_file, node->right);
    452:     fprintf(out_file, ")");

# 2 0x00427AF8 in C:\Users\иван\Google Диск\C\diff\diff_2.exe: print_tree() at C:/Users/иван/Google Диск/C/diff/diff_2.cpp (449):

    447: 
    448:     fprintf(out_file, "(");
=>  449:     print_tree(out_file, node->left);
    450:     print_node(out_file, node);
    451:     print_tree(out_file, node->right);

# 3 0x00427AF8 in C:\Users\иван\Google Диск\C\diff\diff_2.exe: print_tree() at C:/Users/иван/Google Диск/C/diff/diff_2.cpp (449):

    447: 
    448:     fprintf(out_file, "(");
=>  449:     print_tree(out_file, node->left);
    450:     print_node(out_file, node);
    451:     print_tree(out_file, node->right);

# 4 0x00427AF8 in C:\Users\иван\Google Диск\C\diff\diff_2.exe: print_tree() at C:/Users/иван/Google Диск/C/diff/diff_2.cpp (449):

    447: 
    448:     fprintf(out_file, "(");
=>  449:     print_tree(out_file, node->left);
    450:     print_node(out_file, node);
    451:     print_tree(out_file, node->right);

# 5 0x00428AAE in C:\Users\иван\Google Диск\C\diff\diff_2.exe: main() at C:/Users/иван/Google Диск/C/diff/diff_2.cpp (739):

    737:     print_tree(stdout, diff_root);
    738:     printf("\n\n");
=>  739:     print_tree(stdout, simp_root);
    740: 
    741: 

--------------------------------------------------
Developed with:

The Dumb Artist Library (TX Library)
TXLib [Ver: 00173a, Rev: 105, Date: 2018-06-12 00:00:00 +0300]
Copyright (C) Ded (Ilya Dedinsky, http://txlib.ru) <mail@txlib.ru>
See license on: http://txlib.ru

TXLib file:	C:\ФАЙЛЫ\загрузки\TX\TXLib.h
Compiled:	Dec 12 2018 00:30:44, GNU g++ 4.8.1, std=201103L, MinGW Runtime 3.20, 32-bit, DEBUG
Started:	Dec 12 2018 00:30:51

Run file:	C:\Users\иван\Google Диск\C\diff\diff_2.exe
Directory:	C:\Users\иван\Google Диск\C\diff

--------------------------------------------------

--------------------------------------------------
TXLib соболезнует...

Программа: C:\Users\иван\Google Диск\C\diff\diff_2.exe, файл: C:\Users\иван\Google Диск\C\diff\diff_2.cpp, строка: 433, функция: int print_node(FILE*, const Node*),

Сообщение: ВНЕЗАПНО: Логическая ошибка: Неверно, что "0".

#1: TXLib [Ver: 00173a, Rev: 105, Date: 2018-06-12 00:00:00 +0300], Instance: 0x005002C0 (32-bit), Flags: Cmdre0, Thread: 0x4DB4 (Main), GetLastError(): 183 (Невозможно создать файл, так как он уже существует). 

--------------------------------------------------
Стек вызовов:

# 0 0x004279E7 in C:\Users\иван\Google Диск\C\diff\diff_2.exe: print_node() at C:/Users/иван/Google Диск/C/diff/diff_2.cpp (433):

    431:             break;
    432: 
=>  433:         default: $(node->info); Assert(0);
    434: 
    435:     }

# 1 0x00427B0A in C:\Users\иван\Google Диск\C\diff\diff_2.exe: print_tree() at C:/Users/иван/Google Диск/C/diff/diff_2.cpp (450):

    448:     fprintf(out_file, "(");
    449:     print_tree(out_file, node->left);
=>  450:     print_node(out_file, node);
    451:     print_tree(out_file, node->right);
    452:     fprintf(out_file, ")");

# 2 0x00427AF8 in C:\Users\иван\Google Диск\C\diff\diff_2.exe: print_tree() at C:/Users/иван/Google Диск/C/diff/diff_2.cpp (449):

    447: 
    448:     fprintf(out_file, "(");
=>  449:     print_tree(out_file, node->left);
    450:     print_node(out_file, node);
    451:     print_tree(out_file, node->right);

# 3 0x00427AF8 in C:\Users\иван\Google Диск\C\diff\diff_2.exe: print_tree() at C:/Users/иван/Google Диск/C/diff/diff_2.cpp (449):

    447: 
    448:     fprintf(out_file, "(");
=>  449:     print_tree(out_file, node->left);
    450:     print_node(out_file, node);
    451:     print_tree(out_file, node->right);

# 4 0x00427AF8 in C:\Users\иван\Google Диск\C\diff\diff_2.exe: print_tree() at C:/Users/иван/Google Диск/C/diff/diff_2.cpp (449):

    447: 
    448:     fprintf(out_file, "(");
=>  449:     print_tree(out_file, node->left);
    450:     print_node(out_file, node);
    451:     print_tree(out_file, node->right);

# 5 0x00428AAE in C:\Users\иван\Google Диск\C\diff\diff_2.exe: main() at C:/Users/иван/Google Диск/C/diff/diff_2.cpp (739):

    737:     print_tree(stdout, diff_root);
    738:     printf("\n\n");
=>  739:     print_tree(stdout, simp_root);
    740: 
    741: 

--------------------------------------------------
Developed with:

The Dumb Artist Library (TX Library)
TXLib [Ver: 00173a, Rev: 105, Date: 2018-06-12 00:00:00 +0300]
Copyright (C) Ded (Ilya Dedinsky, http://txlib.ru) <mail@txlib.ru>
See license on: http://txlib.ru

TXLib file:	C:\ФАЙЛЫ\загрузки\TX\TXLib.h
Compiled:	Dec 12 2018 00:38:55, GNU g++ 4.8.1, std=201103L, MinGW Runtime 3.20, 32-bit, DEBUG
Started:	Dec 12 2018 00:39:01

Run file:	C:\Users\иван\Google Диск\C\diff\diff_2.exe
Directory:	C:\Users\иван\Google Диск\C\diff

--------------------------------------------------
